<?xml version="1.0" encoding="UTF-8"?>
<!-- Generated by org.testng.reporters.JUnitReportReporter -->
<testsuite hostname="HP" failures="0" tests="2" name="Framework.HomePage" time="12.791" errors="0" timestamp="2021-06-14T19:59:44 IST" skipped="0">
  <testcase classname="Framework.HomePage" name="basepagenavigation" time="3.122"/>
  <system-out/>
  <testcase classname="Framework.HomePage" name="basepagenavigation" time="9.669"/>
  <system-out/>
</testsuite> <!-- Framework.HomePage -->
