<?xml version="1.0" encoding="UTF-8"?>
<!-- Generated by org.testng.reporters.JUnitReportReporter -->
<testsuite hostname="HP" failures="0" tests="1" name="Framework.GmailPage" time="3.828" errors="0" timestamp="2021-06-25T10:05:07 IST" skipped="0">
  <testcase classname="Framework.GmailPage" name="login" time="3.828"/>
  <system-out/>
</testsuite> <!-- Framework.GmailPage -->
