<?xml version="1.0" encoding="UTF-8"?>
<!-- Generated by org.testng.reporters.JUnitReportReporter -->
<testsuite hostname="HP" failures="0" tests="1" name="Framework.ValidatePage" time="0.702" errors="0" timestamp="2021-06-14T19:59:44 IST" skipped="0">
  <testcase classname="Framework.ValidatePage" name="basePageNavigation" time="0.702"/>
  <system-out/>
</testsuite> <!-- Framework.ValidatePage -->
