<?xml version="1.0" encoding="UTF-8"?>
<!-- Generated by org.testng.reporters.JUnitReportReporter -->
<testsuite hostname="HP" failures="0" tests="2" name="Framework.HomePage" time="7.580" errors="0" timestamp="2021-06-14T21:29:49 IST" skipped="0">
  <testcase classname="Framework.HomePage" name="basepagenavigation" time="4.654"/>
  <system-out/>
  <testcase classname="Framework.HomePage" name="basepagenavigation" time="2.926"/>
  <system-out/>
</testsuite> <!-- Framework.HomePage -->
